  [1m[35m (0.4ms)[0m  [1m[34mSELECT sqlite_version(*)[0m
  [1m[35m (0.0ms)[0m  [1m[34mSELECT sqlite_version(*)[0m
  [1m[35m (0.4ms)[0m  [1m[34mSELECT sqlite_version(*)[0m
  [1m[35m (7.2ms)[0m  [1m[35mCREATE TABLE "schema_migrations" ("version" varchar NOT NULL PRIMARY KEY)[0m
  [1m[35m (1.4ms)[0m  [1m[35mCREATE TABLE "ar_internal_metadata" ("key" varchar NOT NULL PRIMARY KEY, "value" varchar, "created_at" datetime(6) NOT NULL, "updated_at" datetime(6) NOT NULL)[0m
  [1m[35m (0.1ms)[0m  [1m[34mSELECT "schema_migrations"."version" FROM "schema_migrations" ORDER BY "schema_migrations"."version" ASC[0m
Migrating to CreateTables (20201010084443)
  [1m[35m (0.1ms)[0m  [1m[36mbegin transaction[0m
  [1m[35m (0.4ms)[0m  [1m[35mCREATE TABLE "stoats" ("id" integer PRIMARY KEY AUTOINCREMENT NOT NULL, "first_name" varchar, "last_name" varchar, "email" varchar, "created_at" datetime(6) NOT NULL, "updated_at" datetime(6) NOT NULL)[0m
  [1m[35m (0.1ms)[0m  [1m[35mCREATE TABLE "events" ("id" integer PRIMARY KEY AUTOINCREMENT NOT NULL, "name" varchar, "type" varchar, "details" text, "start_time" datetime, "end_time" datetime, "created_at" datetime(6) NOT NULL, "updated_at" datetime(6) NOT NULL)[0m
  [1m[35m (0.1ms)[0m  [1m[35mCREATE TABLE "invitations" ("id" integer PRIMARY KEY AUTOINCREMENT NOT NULL, "stoat_id" integer, "event_id" integer, "created_at" datetime(6) NOT NULL, "updated_at" datetime(6) NOT NULL, CONSTRAINT "fk_rails_47568c398e"
FOREIGN KEY ("stoat_id")
  REFERENCES "stoats" ("id")
, CONSTRAINT "fk_rails_ca92ff97b6"
FOREIGN KEY ("event_id")
  REFERENCES "events" ("id")
)[0m
  [1m[35m (0.1ms)[0m  [1m[35mCREATE  INDEX "index_invitations_on_stoat_id" ON "invitations" ("stoat_id")[0m
  [1m[35m (0.1ms)[0m  [1m[35mCREATE  INDEX "index_invitations_on_event_id" ON "invitations" ("event_id")[0m
  [1m[36mprimary::SchemaMigration Create (0.1ms)[0m  [1m[32mINSERT INTO "schema_migrations" ("version") VALUES (?)[0m  [["version", "20201010084443"]]
  [1m[35m (1.1ms)[0m  [1m[36mcommit transaction[0m
  [1m[36mActiveRecord::InternalMetadata Load (0.1ms)[0m  [1m[34mSELECT "ar_internal_metadata".* FROM "ar_internal_metadata" WHERE "ar_internal_metadata"."key" = ? LIMIT ?[0m  [["key", "environment"], ["LIMIT", 1]]
  [1m[35m (0.0ms)[0m  [1m[36mbegin transaction[0m
  [1m[36mActiveRecord::InternalMetadata Create (0.3ms)[0m  [1m[32mINSERT INTO "ar_internal_metadata" ("key", "value", "created_at", "updated_at") VALUES (?, ?, ?, ?)[0m  [["key", "environment"], ["value", "development"], ["created_at", "2020-10-24 10:50:27.299612"], ["updated_at", "2020-10-24 10:50:27.299612"]]
  [1m[35m (0.8ms)[0m  [1m[36mcommit transaction[0m
  [1m[35m (0.0ms)[0m  [1m[34mSELECT sqlite_version(*)[0m
  [1m[35m (0.1ms)[0m  [1m[34mSELECT "schema_migrations"."version" FROM "schema_migrations" ORDER BY "schema_migrations"."version" ASC[0m
  [1m[35m (0.4ms)[0m  [1m[34mSELECT sqlite_version(*)[0m
  [1m[35m (0.1ms)[0m  [1m[34mSELECT "schema_migrations"."version" FROM "schema_migrations" ORDER BY "schema_migrations"."version" ASC[0m
  [1m[35m (0.0ms)[0m  [1m[34mSELECT sqlite_version(*)[0m
  [1m[35m (0.0ms)[0m  [1m[36mbegin transaction[0m
  [1m[36mStoat Create (0.4ms)[0m  [1m[32mINSERT INTO "stoats" ("first_name", "last_name", "email", "created_at", "updated_at") VALUES (?, ?, ?, ?, ?)[0m  [["first_name", "Alexey"], ["last_name", "Zapriy"], ["email", "azapriy@opploans.com"], ["created_at", "2020-10-24 10:50:35.003528"], ["updated_at", "2020-10-24 10:50:35.003528"]]
  [1m[35m (0.7ms)[0m  [1m[36mcommit transaction[0m
  [1m[35m (0.0ms)[0m  [1m[36mbegin transaction[0m
  [1m[36mStoat Create (0.3ms)[0m  [1m[32mINSERT INTO "stoats" ("first_name", "last_name", "email", "created_at", "updated_at") VALUES (?, ?, ?, ?, ?)[0m  [["first_name", "Brennan"], ["last_name", "Walsh"], ["email", "bwalsh@opploans.com"], ["created_at", "2020-10-24 10:50:35.007702"], ["updated_at", "2020-10-24 10:50:35.007702"]]
  [1m[35m (0.7ms)[0m  [1m[36mcommit transaction[0m
  [1m[35m (0.0ms)[0m  [1m[36mbegin transaction[0m
  [1m[36mStoat Create (0.3ms)[0m  [1m[32mINSERT INTO "stoats" ("first_name", "last_name", "email", "created_at", "updated_at") VALUES (?, ?, ?, ?, ?)[0m  [["first_name", "Helena"], ["last_name", "Narowski"], ["email", "hnarowski@opploans.com"], ["created_at", "2020-10-24 10:50:35.011269"], ["updated_at", "2020-10-24 10:50:35.011269"]]
  [1m[35m (0.7ms)[0m  [1m[36mcommit transaction[0m
  [1m[35m (0.0ms)[0m  [1m[36mbegin transaction[0m
  [1m[36mStoat Create (0.3ms)[0m  [1m[32mINSERT INTO "stoats" ("first_name", "last_name", "email", "created_at", "updated_at") VALUES (?, ?, ?, ?, ?)[0m  [["first_name", "Manoj"], ["last_name", "Kurapati"], ["email", "mkurapati@opploans.com"], ["created_at", "2020-10-24 10:50:35.014862"], ["updated_at", "2020-10-24 10:50:35.014862"]]
  [1m[35m (0.7ms)[0m  [1m[36mcommit transaction[0m
  [1m[35m (0.0ms)[0m  [1m[36mbegin transaction[0m
  [1m[36mStoat Create (0.3ms)[0m  [1m[32mINSERT INTO "stoats" ("first_name", "last_name", "email", "created_at", "updated_at") VALUES (?, ?, ?, ?, ?)[0m  [["first_name", "Matthew"], ["last_name", "Seman"], ["email", "mseman@opploans.com"], ["created_at", "2020-10-24 10:50:35.018533"], ["updated_at", "2020-10-24 10:50:35.018533"]]
  [1m[35m (0.6ms)[0m  [1m[36mcommit transaction[0m
  [1m[35m (0.0ms)[0m  [1m[36mbegin transaction[0m
  [1m[36mStoat Create (0.3ms)[0m  [1m[32mINSERT INTO "stoats" ("first_name", "last_name", "email", "created_at", "updated_at") VALUES (?, ?, ?, ?, ?)[0m  [["first_name", "Monica"], ["last_name", "Friend"], ["email", "mfriend@opploans.com"], ["created_at", "2020-10-24 10:50:35.021770"], ["updated_at", "2020-10-24 10:50:35.021770"]]
  [1m[35m (0.7ms)[0m  [1m[36mcommit transaction[0m
  [1m[35m (0.0ms)[0m  [1m[36mbegin transaction[0m
  [1m[36mStoat Create (0.4ms)[0m  [1m[32mINSERT INTO "stoats" ("first_name", "last_name", "email", "created_at", "updated_at") VALUES (?, ?, ?, ?, ?)[0m  [["first_name", "Pooja"], ["last_name", "Saxena"], ["email", "psaxena@opploans.com"], ["created_at", "2020-10-24 10:50:35.025396"], ["updated_at", "2020-10-24 10:50:35.025396"]]
  [1m[35m (0.7ms)[0m  [1m[36mcommit transaction[0m
  [1m[35m (0.0ms)[0m  [1m[36mbegin transaction[0m
  [1m[36mStoat Create (0.3ms)[0m  [1m[32mINSERT INTO "stoats" ("first_name", "last_name", "email", "created_at", "updated_at") VALUES (?, ?, ?, ?, ?)[0m  [["first_name", "Ran"], ["last_name", "Crook"], ["email", "rcrook@opploans.com"], ["created_at", "2020-10-24 10:50:35.031802"], ["updated_at", "2020-10-24 10:50:35.031802"]]
  [1m[35m (0.8ms)[0m  [1m[36mcommit transaction[0m
  [1m[35m (0.0ms)[0m  [1m[36mbegin transaction[0m
  [1m[36mStoat Create (0.3ms)[0m  [1m[32mINSERT INTO "stoats" ("first_name", "last_name", "email", "created_at", "updated_at") VALUES (?, ?, ?, ?, ?)[0m  [["first_name", "Toby"], ["last_name", "Tripp"], ["email", "ttripp@opploans.com"], ["created_at", "2020-10-24 10:50:35.035499"], ["updated_at", "2020-10-24 10:50:35.035499"]]
  [1m[35m (0.7ms)[0m  [1m[36mcommit transaction[0m
